TN:
SF:src/algorithms/angles.ts
FN:25,clip
FN:29,round3
FN:37,earthSunDistanceCorrection
FN:45,fourierSmoothingCorrection
FN:71,getAngles
FNF:5
FNH:5
FNDA:8498,clip
FNDA:8498,round3
FNDA:4249,earthSunDistanceCorrection
FNDA:4249,fourierSmoothingCorrection
FNDA:4249,getAngles
DA:1,1
DA:20,1
DA:21,1
DA:22,1
DA:23,1
DA:25,8498
DA:26,8498
DA:27,8498
DA:29,8498
DA:30,8498
DA:31,8498
DA:37,4249
DA:38,4249
DA:39,4249
DA:45,4249
DA:46,4249
DA:47,4249
DA:48,4249
DA:50,4249
DA:51,4249
DA:52,4249
DA:53,4249
DA:54,4249
DA:55,4249
DA:57,4249
DA:58,4249
DA:71,1
DA:72,4249
DA:73,4249
DA:74,4249
DA:75,4249
DA:76,4249
DA:77,4249
DA:78,4249
DA:79,4249
DA:80,4249
DA:85,4249
DA:86,4249
DA:88,4249
DA:89,4249
DA:90,4249
DA:91,4249
DA:92,4249
DA:95,4249
DA:96,4249
DA:99,4249
DA:100,4249
DA:103,4249
DA:104,4249
DA:107,4249
DA:110,4249
DA:113,4249
DA:114,4249
DA:117,4249
DA:118,4249
DA:121,4249
DA:122,4249
DA:124,4249
DA:125,4249
DA:127,4249
DA:128,4249
LF:61
LH:61
BRDA:25,0,0,8498
BRDA:26,1,0,594
BRDA:26,2,0,7904
BRDA:26,3,0,0
BRDA:29,4,0,8498
BRDA:37,5,0,4249
BRDA:45,6,0,4249
BRDA:71,7,0,4249
BRDA:103,8,0,4227
BRDA:103,9,0,22
BRDA:104,10,0,4227
BRDA:104,11,0,22
BRF:12
BRH:11
end_of_record
TN:
SF:src/algorithms/asr.ts
FN:22,getAsr
FNF:1
FNH:1
FNDA:4813,getAsr
DA:22,1
DA:23,4813
DA:24,4813
DA:25,4813
DA:26,4813
DA:27,4813
DA:28,4813
DA:29,4813
DA:30,4813
DA:31,4813
DA:34,4813
DA:35,4813
DA:36,4813
DA:39,4813
DA:41,4813
DA:44,4813
DA:46,4813
DA:47,4813
LF:18
LH:18
BRDA:22,0,0,4813
BRDA:31,1,0,1200
BRDA:31,2,0,3613
BRDA:41,3,0,0
BRF:4
BRH:3
end_of_record
TN:
SF:src/algorithms/get-times.ts
FN:35,getTimes
FN:128,formatTime
FNF:2
FNH:2
FNDA:4832,getTimes
FNDA:6,formatTime
DA:1,1
DA:29,1
DA:30,1
DA:35,1
DA:36,4832
DA:37,4832
DA:38,4832
DA:39,4832
DA:40,4832
DA:41,4832
DA:42,4832
DA:43,4832
DA:44,4832
DA:45,4832
DA:46,4832
DA:47,4832
DA:48,4832
DA:50,4832
DA:53,4832
DA:54,4832
DA:55,602
DA:56,4230
DA:60,4832
DA:61,4832
DA:64,4832
DA:65,4832
DA:66,4832
DA:67,4832
DA:68,4832
DA:69,4832
DA:71,4832
DA:72,4832
DA:73,4832
DA:74,4832
DA:75,4832
DA:78,4832
DA:81,4832
DA:82,4832
DA:83,4832
DA:84,4832
DA:87,4832
DA:88,4807
DA:89,25
DA:92,4832
DA:93,3010
DA:94,3010
DA:95,3010
DA:96,3010
DA:97,3010
DA:98,3010
DA:99,3010
DA:100,3010
DA:101,3010
DA:102,3010
DA:103,3010
DA:104,3010
DA:107,4832
DA:108,4773
DA:109,59
DA:111,4832
DA:112,4832
DA:113,4832
DA:114,4832
DA:115,4832
DA:116,4832
DA:117,4832
DA:118,4832
DA:119,4832
DA:120,4832
DA:121,4832
DA:122,4832
DA:128,1
DA:129,6
DA:130,3
DA:131,3
DA:132,3
DA:133,3
DA:134,3
DA:135,3
DA:136,3
LF:80
LH:80
BRDA:35,0,0,4832
BRDA:54,1,0,1204
BRDA:54,2,0,602
BRDA:55,3,0,4230
BRDA:78,4,0,4807
BRDA:78,5,0,25
BRDA:87,6,0,4807
BRDA:88,7,0,25
BRDA:92,8,0,3010
BRDA:97,9,0,2994
BRDA:97,10,0,16
BRDA:98,11,0,2994
BRDA:98,12,0,16
BRDA:99,13,0,2994
BRDA:99,14,0,16
BRDA:107,15,0,4773
BRDA:107,16,0,4773
BRDA:108,17,0,59
BRDA:112,18,0,4773
BRDA:112,19,0,59
BRDA:113,20,0,4773
BRDA:113,21,0,59
BRDA:114,22,0,4807
BRDA:114,23,0,25
BRDA:115,24,0,4807
BRDA:115,25,0,25
BRDA:116,26,0,4807
BRDA:116,27,0,25
BRDA:117,28,0,4807
BRDA:117,29,0,25
BRDA:118,30,0,4807
BRDA:118,31,0,25
BRDA:119,32,0,4773
BRDA:119,33,0,59
BRDA:128,34,0,6
BRDA:129,35,0,4
BRDA:129,36,0,3
BRF:37
BRH:37
end_of_record
TN:
SF:src/algorithms/high-latitude.ts
FN:30,applyHighLatitudeRule
FNF:1
FNH:1
FNDA:3015,applyHighLatitudeRule
DA:1,1
DA:30,1
DA:31,3015
DA:32,3015
DA:33,3015
DA:34,3015
DA:35,3015
DA:36,3015
DA:37,3015
DA:38,3015
DA:39,3015
DA:42,3015
DA:43,3015
DA:44,3015
DA:47,3015
DA:48,3015
DA:49,3015
DA:51,1806
DA:52,1806
DA:53,3015
DA:54,604
DA:55,604
DA:56,3015
DA:57,604
DA:58,604
DA:59,3015
DA:60,0
DA:61,3015
DA:64,3015
DA:66,3015
DA:67,102
DA:68,2912
DA:70,3015
DA:71,101
DA:72,2913
DA:74,3015
DA:75,3015
LF:37
LH:36
BRDA:30,0,0,3015
BRDA:39,1,0,1
BRDA:39,2,0,3014
BRDA:42,3,0,2993
BRDA:42,4,0,21
BRDA:49,5,0,1806
BRDA:53,6,0,604
BRDA:56,7,0,604
BRDA:59,8,0,0
BRDA:61,9,0,3014
BRDA:64,10,0,2218
BRDA:64,11,0,796
BRDA:66,12,0,2912
BRDA:66,13,0,102
BRDA:67,14,0,2912
BRDA:70,15,0,2913
BRDA:70,16,0,101
BRDA:71,17,0,2913
BRF:18
BRH:17
end_of_record
TN:
SF:src/algorithms/msc.ts
FN:15,isLeapYear
FN:22,computeDyy
FN:42,interpolateSegment
FN:70,getMscFajr
FN:86,getMscIsha
FN:126,minutesToDepression
FNF:6
FNH:6
FNDA:8510,isLeapYear
FNDA:8510,computeDyy
FNDA:8510,interpolateSegment
FNDA:4255,getMscFajr
FNDA:4255,getMscIsha
FNDA:8505,minutesToDepression
DA:1,1
DA:15,8510
DA:16,8510
DA:17,8510
DA:22,8510
DA:23,8510
DA:24,8510
DA:27,8510
DA:28,8510
DA:30,8510
DA:31,8510
DA:33,8510
DA:34,8510
DA:36,8510
DA:37,8510
DA:42,8510
DA:43,8510
DA:44,8510
DA:45,8510
DA:46,8510
DA:47,8510
DA:48,8510
DA:49,8510
DA:50,8510
DA:51,2115
DA:52,8510
DA:53,743
DA:54,6395
DA:55,1408
DA:56,5652
DA:57,724
DA:58,4234
DA:59,1408
DA:60,3520
DA:61,2112
DA:62,2112
DA:63,2112
DA:64,8510
DA:70,1
DA:71,4255
DA:72,4255
DA:74,4255
DA:75,4255
DA:76,4255
DA:77,4255
DA:79,4255
DA:80,4255
DA:86,1
DA:87,4255
DA:88,4255
DA:89,4255
DA:90,4255
DA:91,4255
DA:92,4255
DA:94,4255
DA:96,4255
DA:97,4255
DA:98,603
DA:99,603
DA:100,603
DA:101,603
DA:102,603
DA:103,4255
DA:104,604
DA:105,604
DA:106,604
DA:107,604
DA:108,604
DA:109,4255
DA:110,4255
DA:111,3048
DA:112,3048
DA:113,3048
DA:114,3048
DA:115,3048
DA:116,4255
DA:118,4255
DA:119,4255
DA:126,1
DA:127,8505
DA:128,8505
DA:129,8505
DA:130,8505
DA:131,8505
DA:132,8505
DA:133,8505
DA:135,8505
DA:136,8505
DA:137,8505
DA:138,8505
DA:141,8505
DA:142,8505
DA:144,8505
DA:145,8505
DA:148,8504
DA:150,8505
DA:151,8505
DA:153,8458
DA:156,8458
DA:157,8458
DA:160,8505
DA:161,21
DA:162,21
DA:163,21
DA:164,21
DA:167,8437
DA:168,8437
DA:171,8437
DA:172,8437
LF:109
LH:109
BRDA:15,0,0,8510
BRDA:16,1,0,0
BRDA:22,2,0,8510
BRDA:24,3,0,0
BRDA:27,4,0,7164
BRDA:27,5,0,1346
BRDA:34,6,0,7834
BRDA:42,7,0,8510
BRDA:50,8,0,2115
BRDA:52,9,0,6395
BRDA:52,10,0,743
BRDA:54,11,0,5652
BRDA:54,12,0,1408
BRDA:56,13,0,4244
BRDA:56,14,0,4234
BRDA:56,15,0,724
BRDA:58,16,0,3520
BRDA:58,17,0,1408
BRDA:60,18,0,2112
BRDA:70,19,0,4255
BRDA:86,20,0,4255
BRDA:97,21,0,603
BRDA:103,22,0,604
BRDA:109,23,0,3048
BRDA:110,24,0,3048
BRDA:126,25,0,8505
BRDA:145,26,0,1
BRDA:145,27,0,8504
BRDA:150,28,0,31
BRDA:150,29,0,8473
BRDA:151,30,0,15
BRDA:151,31,0,8458
BRDA:160,32,0,21
BRDA:164,33,0,8437
BRF:34
BRH:32
end_of_record
TN:
SF:src/algorithms/qiyam.ts
FN:19,getQiyam
FNF:1
FNH:1
FNDA:4779,getQiyam
DA:19,1
DA:22,4779
DA:24,4779
DA:25,4779
DA:27,4779
DA:28,4779
LF:6
LH:6
BRDA:19,0,0,4779
BRDA:22,1,0,4717
BRDA:22,2,0,62
BRDA:27,3,0,4685
BRDA:27,4,0,94
BRF:5
BRH:5
end_of_record
TN:
SF:src/algorithms/solar-ephemeris.ts
FN:15,toJulianDate
FN:23,solarEphemeris
FN:90,solarVerticalSpeed
FN:108,atmosphericRefraction
FN:128,clamp
FN:132,positiveMod
FNF:6
FNH:6
FNDA:9091,toJulianDate
FNDA:9089,solarEphemeris
FNDA:2,solarVerticalSpeed
FNDA:8508,atmosphericRefraction
FNDA:9092,clamp
FNDA:36356,positiveMod
DA:15,1
DA:16,9091
DA:17,9091
DA:23,1
DA:24,9089
DA:25,9089
DA:28,9089
DA:29,9089
DA:30,9089
DA:31,9089
DA:34,9089
DA:35,9089
DA:36,9089
DA:37,9089
DA:38,9089
DA:41,9089
DA:44,9089
DA:45,9089
DA:46,9089
DA:47,9089
DA:50,9089
DA:53,9089
DA:54,9089
DA:57,9089
DA:60,9089
DA:61,9089
DA:64,9089
DA:65,9089
DA:68,9089
DA:69,9089
DA:70,9089
DA:71,9089
DA:72,9089
DA:75,9089
DA:78,9089
DA:79,9089
DA:82,9089
DA:84,9089
DA:85,9089
DA:90,1
DA:91,2
DA:92,2
DA:93,2
DA:94,2
DA:95,2
DA:96,2
DA:97,2
DA:98,2
DA:99,2
DA:101,2
DA:108,1
DA:109,8508
DA:110,8508
DA:111,8508
DA:112,8508
DA:113,8508
DA:114,8
DA:116,8
DA:117,8
DA:118,8
DA:119,8
DA:120,8
DA:122,8
DA:123,8508
DA:124,8508
DA:128,1
DA:129,9092
DA:130,9092
DA:132,36356
DA:133,36356
DA:134,36356
LF:71
LH:71
BRDA:15,0,0,9091
BRDA:23,1,0,9089
BRDA:90,2,0,2
BRDA:108,3,0,8508
BRDA:113,4,0,8500
BRDA:113,5,0,10
BRDA:113,6,0,8
BRDA:123,7,0,0
BRDA:123,8,0,8
BRDA:128,9,0,9092
BRDA:129,10,0,1
BRDA:129,11,0,9091
BRDA:129,12,0,1
BRDA:129,13,0,9090
BRDA:132,14,0,36356
BRF:15
BRH:14
end_of_record
TN:
SF:src/algorithms/spa.ts
FN:353,newState
FN:370,cloneState
FN:376,deg2rad
FN:377,rad2deg
FN:379,limitDegrees
FN:386,thirdOrderPolynomial
FN:390,limitDegrees180pm
FN:398,limitDegrees180
FN:405,limitZero2one
FN:411,limitMinutes
FN:418,clamp
FN:424,geocentricRightAscension
FN:433,geocentricDeclination
FN:442,observerHourAngle
FN:446,rightAscensionParallaxAndTopocentricDec
FN:469,topocentricElevationAngle
FN:478,atmosphericRefractionCorrection
FN:489,topocentricAzimuthAngleAstro
FN:500,julianDay
FN:516,julianCentury
FN:517,julianEphemerisDay
FN:518,julianEphemerisCentury
FN:519,julianEphemerisMillennium
FN:523,earthPeriodicTermSummation
FN:535,earthValues
FN:543,earthHeliocentricLongitude
FN:551,earthHeliocentricLatitude
FN:559,earthRadiusVector
FN:567,geocentricLongitude
FN:575,meanElongationMoonSun
FN:578,meanAnomalySun
FN:581,meanAnomalyMoon
FN:584,argumentLatitudeMoon
FN:587,ascendingLongitudeMoon
FN:593,xyTermSummation
FN:599,nutationLongitudeAndObliquity
FN:610,eclipticMeanObliquity
FN:618,greenwichMeanSiderealTime
FN:624,sunMeanLongitude
FN:629,eot
FN:635,approxSunTransitTime
FN:639,sunHourAngleAtRiseSet
FN:651,approxSunRiseAndSet
FN:658,rtsAlphaDeltaPrime
FN:666,rtsSunAltitude
FN:675,sunRiseAndSet
FN:684,dayfracToLocalHr
FN:690,calculateGeocentricSunRightAscensionAndDeclination
FN:725,calculateEotAndSunRiseTransitSet
FN:796,spaCalculate
FN:854,adjustForCustomAngle
FN:878,getSpa
FNF:52
FNH:51
FNDA:4843,newState
FNDA:4841,cloneState
FNDA:1834368,deg2rad
FNDA:135444,rad2deg
FNDA:91979,limitDegrees
FNDA:121025,thirdOrderPolynomial
FNDA:14445,limitDegrees180pm
FNDA:4815,limitDegrees180
FNDA:28890,limitZero2one
FNDA:4841,limitMinutes
FNDA:0,clamp
FNDA:24205,geocentricRightAscension
FNDA:24205,geocentricDeclination
FNDA:4841,observerHourAngle
FNDA:4841,rightAscensionParallaxAndTopocentricDec
FNDA:4841,topocentricElevationAngle
FNDA:4841,atmosphericRefractionCorrection
FNDA:4841,topocentricAzimuthAngleAstro
FNDA:9682,julianDay
FNDA:24205,julianCentury
FNDA:24205,julianEphemerisDay
FNDA:24205,julianEphemerisCentury
FNDA:24205,julianEphemerisMillennium
FNDA:314665,earthPeriodicTermSummation
FNDA:72615,earthValues
FNDA:24205,earthHeliocentricLongitude
FNDA:24205,earthHeliocentricLatitude
FNDA:24205,earthRadiusVector
FNDA:24205,geocentricLongitude
FNDA:24205,meanElongationMoonSun
FNDA:24205,meanAnomalySun
FNDA:24205,meanAnomalyMoon
FNDA:24205,argumentLatitudeMoon
FNDA:24205,ascendingLongitudeMoon
FNDA:1524915,xyTermSummation
FNDA:24205,nutationLongitudeAndObliquity
FNDA:24205,eclipticMeanObliquity
FNDA:24205,greenwichMeanSiderealTime
FNDA:4841,sunMeanLongitude
FNDA:4841,eot
FNDA:4841,approxSunTransitTime
FNDA:4841,sunHourAngleAtRiseSet
FNDA:4815,approxSunRiseAndSet
FNDA:28890,rtsAlphaDeltaPrime
FNDA:14445,rtsSunAltitude
FNDA:9630,sunRiseAndSet
FNDA:14445,dayfracToLocalHr
FNDA:24205,calculateGeocentricSunRightAscensionAndDeclination
FNDA:4841,calculateEotAndSunRiseTransitSet
FNDA:4843,spaCalculate
FNDA:9667,adjustForCustomAngle
FNDA:4843,getSpa
DA:19,1
DA:20,1
DA:25,1
DA:27,1
DA:28,1
DA:29,1
DA:30,1
DA:31,1
DA:32,1
DA:33,1
DA:34,1
DA:35,1
DA:36,1
DA:37,1
DA:38,1
DA:39,1
DA:40,1
DA:41,1
DA:42,1
DA:43,1
DA:44,1
DA:45,1
DA:46,1
DA:47,1
DA:48,1
DA:49,1
DA:50,1
DA:51,1
DA:52,1
DA:53,1
DA:54,1
DA:55,1
DA:56,1
DA:57,1
DA:58,1
DA:59,1
DA:60,1
DA:61,1
DA:62,1
DA:63,1
DA:64,1
DA:65,1
DA:66,1
DA:67,1
DA:68,1
DA:69,1
DA:70,1
DA:71,1
DA:72,1
DA:73,1
DA:74,1
DA:75,1
DA:76,1
DA:77,1
DA:78,1
DA:79,1
DA:80,1
DA:81,1
DA:82,1
DA:83,1
DA:84,1
DA:85,1
DA:86,1
DA:87,1
DA:88,1
DA:89,1
DA:90,1
DA:91,1
DA:92,1
DA:94,1
DA:95,1
DA:96,1
DA:97,1
DA:98,1
DA:99,1
DA:100,1
DA:101,1
DA:102,1
DA:103,1
DA:104,1
DA:105,1
DA:106,1
DA:107,1
DA:108,1
DA:109,1
DA:110,1
DA:111,1
DA:112,1
DA:113,1
DA:114,1
DA:115,1
DA:116,1
DA:117,1
DA:118,1
DA:119,1
DA:120,1
DA:121,1
DA:122,1
DA:123,1
DA:124,1
DA:125,1
DA:126,1
DA:127,1
DA:128,1
DA:129,1
DA:131,1
DA:132,1
DA:133,1
DA:134,1
DA:135,1
DA:136,1
DA:137,1
DA:138,1
DA:139,1
DA:140,1
DA:141,1
DA:142,1
DA:143,1
DA:144,1
DA:145,1
DA:146,1
DA:147,1
DA:148,1
DA:149,1
DA:150,1
DA:151,1
DA:152,1
DA:154,1
DA:155,1
DA:156,1
DA:157,1
DA:158,1
DA:159,1
DA:160,1
DA:161,1
DA:162,1
DA:164,1
DA:165,1
DA:166,1
DA:167,1
DA:168,1
DA:170,1
DA:171,1
DA:172,1
DA:173,1
DA:175,1
DA:177,1
DA:178,1
DA:179,1
DA:180,1
DA:181,1
DA:182,1
DA:183,1
DA:185,1
DA:186,1
DA:187,1
DA:188,1
DA:189,1
DA:191,1
DA:193,1
DA:194,1
DA:195,1
DA:196,1
DA:197,1
DA:198,1
DA:199,1
DA:200,1
DA:201,1
DA:202,1
DA:203,1
DA:204,1
DA:205,1
DA:206,1
DA:207,1
DA:208,1
DA:209,1
DA:210,1
DA:211,1
DA:212,1
DA:213,1
DA:214,1
DA:215,1
DA:216,1
DA:217,1
DA:218,1
DA:219,1
DA:220,1
DA:221,1
DA:222,1
DA:223,1
DA:224,1
DA:225,1
DA:226,1
DA:227,1
DA:228,1
DA:229,1
DA:230,1
DA:231,1
DA:232,1
DA:233,1
DA:234,1
DA:236,1
DA:237,1
DA:238,1
DA:239,1
DA:240,1
DA:241,1
DA:242,1
DA:243,1
DA:244,1
DA:245,1
DA:246,1
DA:247,1
DA:249,1
DA:250,1
DA:251,1
DA:252,1
DA:253,1
DA:254,1
DA:255,1
DA:256,1
DA:258,1
DA:259,1
DA:260,1
DA:261,1
DA:263,1
DA:264,1
DA:265,1
DA:266,1
DA:268,1
DA:269,1
DA:270,1
DA:273,1
DA:274,1
DA:275,1
DA:276,1
DA:277,1
DA:278,1
DA:279,1
DA:280,1
DA:281,1
DA:282,1
DA:283,1
DA:284,1
DA:285,1
DA:286,1
DA:287,1
DA:288,1
DA:289,1
DA:290,1
DA:293,1
DA:294,1
DA:295,1
DA:296,1
DA:297,1
DA:298,1
DA:299,1
DA:300,1
DA:301,1
DA:302,1
DA:303,1
DA:304,1
DA:305,1
DA:306,1
DA:307,1
DA:308,1
DA:309,1
DA:310,1
DA:311,1
DA:312,1
DA:313,1
DA:314,1
DA:315,1
DA:316,1
DA:317,1
DA:318,1
DA:319,1
DA:320,1
DA:321,1
DA:322,1
DA:323,1
DA:324,1
DA:325,1
DA:326,1
DA:353,4843
DA:354,4843
DA:355,4843
DA:356,4843
DA:357,4843
DA:358,4843
DA:359,4843
DA:360,4843
DA:361,4843
DA:362,4843
DA:363,4843
DA:364,4843
DA:365,4843
DA:366,4843
DA:367,4843
DA:368,4843
DA:370,4841
DA:371,4841
DA:372,4841
DA:376,1834368
DA:377,135444
DA:379,91979
DA:380,91979
DA:381,91979
DA:382,91979
DA:383,91979
DA:384,91979
DA:386,121025
DA:387,121025
DA:388,121025
DA:390,14445
DA:391,14445
DA:392,14445
DA:393,14445
DA:394,14445
DA:395,14445
DA:396,14445
DA:398,4815
DA:399,4815
DA:400,4815
DA:401,4815
DA:402,4815
DA:403,4815
DA:405,28890
DA:406,28890
DA:407,28890
DA:408,28890
DA:409,28890
DA:411,4841
DA:412,4841
DA:413,4841
DA:414,4841
DA:415,4841
DA:416,4841
DA:418,0
DA:419,0
DA:420,0
DA:424,24205
DA:425,24205
DA:426,24205
DA:427,24205
DA:428,24205
DA:429,24205
DA:430,24205
DA:431,24205
DA:433,24205
DA:434,24205
DA:435,24205
DA:436,24205
DA:437,24205
DA:438,24205
DA:439,24205
DA:440,24205
DA:442,4841
DA:443,4841
DA:444,4841
DA:446,4841
DA:447,4841
DA:448,4841
DA:449,4841
DA:450,4841
DA:451,4841
DA:452,4841
DA:453,4841
DA:454,4841
DA:455,4841
DA:456,4841
DA:457,4841
DA:458,4841
DA:459,4841
DA:460,4841
DA:461,4841
DA:462,4841
DA:463,4841
DA:464,4841
DA:465,4841
DA:466,4841
DA:467,4841
DA:469,4841
DA:470,4841
DA:471,4841
DA:472,4841
DA:473,4841
DA:474,4841
DA:475,4841
DA:476,4841
DA:478,4841
DA:479,4841
DA:480,4841
DA:481,4841
DA:482,4841
DA:483,19
DA:484,19
DA:485,19
DA:486,4841
DA:487,4841
DA:489,4841
DA:490,4841
DA:491,4841
DA:492,4841
DA:493,4841
DA:494,4841
DA:495,4841
DA:496,4841
DA:500,9682
DA:501,9682
DA:502,9682
DA:503,9682
DA:504,9682
DA:505,9682
DA:506,9682
DA:507,9682
DA:508,9682
DA:509,9682
DA:510,9682
DA:511,9682
DA:512,9682
DA:513,9682
DA:514,9682
DA:516,24205
DA:517,24205
DA:518,24205
DA:519,24205
DA:523,314665
DA:524,314665
DA:525,314665
DA:526,314665
DA:527,314665
DA:528,314665
DA:529,314665
DA:530,4719975
DA:531,4719975
DA:532,314665
DA:533,314665
DA:535,72615
DA:536,72615
DA:537,72615
DA:538,314665
DA:539,314665
DA:540,72615
DA:541,72615
DA:543,24205
DA:544,24205
DA:545,24205
DA:546,145230
DA:547,145230
DA:548,24205
DA:549,24205
DA:551,24205
DA:552,24205
DA:553,24205
DA:554,48410
DA:555,48410
DA:556,24205
DA:557,24205
DA:559,24205
DA:560,24205
DA:561,24205
DA:562,121025
DA:563,121025
DA:564,24205
DA:565,24205
DA:567,24205
DA:568,24205
DA:569,24205
DA:570,24205
DA:571,24205
DA:575,24205
DA:576,24205
DA:577,24205
DA:578,24205
DA:579,24205
DA:580,24205
DA:581,24205
DA:582,24205
DA:583,24205
DA:584,24205
DA:585,24205
DA:586,24205
DA:587,24205
DA:588,24205
DA:589,24205
DA:593,1524915
DA:594,1524915
DA:595,1524915
DA:596,1524915
DA:597,1524915
DA:599,24205
DA:600,24205
DA:601,24205
DA:602,1524915
DA:603,1524915
DA:604,1524915
DA:605,1524915
DA:606,24205
DA:607,24205
DA:608,24205
DA:610,24205
DA:611,24205
DA:612,24205
DA:613,24205
DA:614,24205
DA:618,24205
DA:619,24205
DA:620,24205
DA:621,24205
DA:622,24205
DA:624,4841
DA:625,4841
DA:626,4841
DA:627,4841
DA:629,4841
DA:630,4841
DA:631,4841
DA:635,4841
DA:636,4841
DA:637,4841
DA:639,4841
DA:640,4841
DA:641,4841
DA:642,4841
DA:643,4841
DA:644,4841
DA:645,4841
DA:646,4815
DA:647,4815
DA:648,26
DA:649,26
DA:651,4815
DA:652,4815
DA:653,4815
DA:654,4815
DA:655,4815
DA:656,4815
DA:658,28890
DA:659,28890
DA:660,28890
DA:661,28890
DA:662,28890
DA:663,28890
DA:664,28890
DA:666,14445
DA:667,14445
DA:668,14445
DA:669,14445
DA:670,14445
DA:671,14445
DA:672,14445
DA:673,14445
DA:675,9630
DA:676,9630
DA:677,9630
DA:678,9630
DA:679,9630
DA:680,9630
DA:681,9630
DA:682,9630
DA:684,14445
DA:685,14445
DA:686,14445
DA:690,24205
DA:691,24205
DA:692,24205
DA:693,24205
DA:694,24205
DA:696,24205
DA:697,24205
DA:698,24205
DA:700,24205
DA:701,24205
DA:703,24205
DA:704,24205
DA:705,24205
DA:706,24205
DA:707,24205
DA:708,24205
DA:709,24205
DA:711,24205
DA:713,24205
DA:714,24205
DA:715,24205
DA:716,24205
DA:717,24205
DA:718,24205
DA:719,24205
DA:720,24205
DA:721,24205
DA:725,4841
DA:726,4841
DA:727,4841
DA:728,4841
DA:729,4841
DA:730,4841
DA:731,4841
DA:732,4841
DA:733,4841
DA:734,4841
DA:735,4841
DA:737,4841
DA:738,4841
DA:740,4841
DA:741,4841
DA:742,4841
DA:744,4841
DA:745,4841
DA:746,4841
DA:747,4841
DA:748,14523
DA:749,14523
DA:750,14523
DA:751,14523
DA:752,14523
DA:754,4841
DA:755,4841
DA:756,4841
DA:758,4841
DA:759,4815
DA:761,4815
DA:762,4815
DA:763,4815
DA:764,4815
DA:765,4815
DA:767,4815
DA:768,14445
DA:769,14445
DA:770,14445
DA:771,14445
DA:772,14445
DA:773,14445
DA:774,14445
DA:776,4815
DA:777,4815
DA:778,4815
DA:780,4815
DA:781,4815
DA:782,4815
DA:783,4815
DA:784,4815
DA:785,4815
DA:786,4815
DA:787,4815
DA:788,4815
DA:789,4841
DA:790,26
DA:791,26
DA:792,4841
DA:796,4843
DA:797,4843
DA:798,4843
DA:799,4843
DA:800,4843
DA:801,4843
DA:802,4843
DA:803,4843
DA:804,4843
DA:805,4843
DA:806,4843
DA:807,4843
DA:808,4843
DA:809,4843
DA:810,4843
DA:811,4843
DA:812,4843
DA:813,4843
DA:815,4841
DA:816,4841
DA:817,4841
DA:818,4841
DA:820,4841
DA:822,4841
DA:823,4841
DA:825,4841
DA:826,4841
DA:827,4841
DA:828,4841
DA:829,4841
DA:830,4841
DA:832,4841
DA:833,4841
DA:835,4841
DA:836,4841
DA:837,4841
DA:838,4841
DA:839,4841
DA:841,4841
DA:842,4841
DA:843,4841
DA:845,4841
DA:846,4841
DA:847,4841
DA:849,4841
DA:850,4841
DA:854,9667
DA:855,9667
DA:856,9667
DA:857,9667
DA:858,9667
DA:859,9667
DA:860,9375
DA:861,9375
DA:862,9375
DA:863,9375
DA:864,9375
DA:865,9375
DA:878,1
DA:879,4843
DA:880,4843
DA:881,4843
DA:882,4843
DA:883,4843
DA:893,4843
DA:894,4843
DA:895,4843
DA:896,4843
DA:897,4843
DA:898,4843
DA:899,4843
DA:900,4843
DA:901,4843
DA:902,4843
DA:903,4843
DA:904,4843
DA:905,4843
DA:907,4843
DA:908,4843
DA:909,4843
DA:910,4843
DA:911,4843
DA:912,4843
DA:913,4843
DA:914,4843
DA:915,4843
DA:916,4843
DA:917,4843
DA:918,4843
DA:919,4843
DA:920,4843
DA:921,4843
DA:922,4843
DA:923,4843
DA:924,4843
DA:925,4843
DA:926,4843
DA:928,4843
DA:929,4843
DA:931,4841
DA:933,4841
DA:934,4841
DA:935,4841
DA:936,4843
DA:937,4843
DA:938,4843
DA:939,4843
DA:940,4843
DA:941,4843
LF:759
LH:756
BRDA:353,0,0,4843
BRDA:370,1,0,4841
BRDA:376,2,0,1834368
BRDA:377,3,0,135444
BRDA:379,4,0,91979
BRDA:382,5,0,0
BRDA:386,6,0,121025
BRDA:390,7,0,14445
BRDA:393,8,0,0
BRDA:394,9,0,7222
BRDA:398,10,0,4815
BRDA:401,11,0,0
BRDA:405,12,0,28890
BRDA:407,13,0,0
BRDA:411,14,0,4841
BRDA:413,15,0,0
BRDA:414,16,0,0
BRDA:424,17,0,24205
BRDA:433,18,0,24205
BRDA:442,19,0,4841
BRDA:446,20,0,4841
BRDA:469,21,0,4841
BRDA:478,22,0,4841
BRDA:482,23,0,19
BRDA:489,24,0,4841
BRDA:500,25,0,9682
BRDA:507,26,0,1606
BRDA:516,27,0,24205
BRDA:517,28,0,24205
BRDA:518,29,0,24205
BRDA:519,30,0,24205
BRDA:523,31,0,314665
BRDA:529,32,0,4719975
BRDA:535,33,0,72615
BRDA:537,34,0,314665
BRDA:543,35,0,24205
BRDA:545,36,0,145230
BRDA:551,37,0,24205
BRDA:553,38,0,48410
BRDA:559,39,0,24205
BRDA:561,40,0,121025
BRDA:567,41,0,24205
BRDA:569,42,0,12155
BRDA:575,43,0,24205
BRDA:578,44,0,24205
BRDA:581,45,0,24205
BRDA:584,46,0,24205
BRDA:587,47,0,24205
BRDA:593,48,0,1524915
BRDA:595,49,0,7624575
BRDA:599,50,0,24205
BRDA:601,51,0,1524915
BRDA:610,52,0,24205
BRDA:618,53,0,24205
BRDA:624,54,0,4841
BRDA:629,55,0,4841
BRDA:635,56,0,4841
BRDA:639,57,0,4841
BRDA:645,58,0,4815
BRDA:647,59,0,26
BRDA:651,60,0,4815
BRDA:658,61,0,28890
BRDA:661,62,0,0
BRDA:662,63,0,0
BRDA:666,64,0,14445
BRDA:675,65,0,9630
BRDA:684,66,0,14445
BRDA:690,67,0,24205
BRDA:725,68,0,4841
BRDA:747,69,0,14523
BRDA:758,70,0,4815
BRDA:767,71,0,14445
BRDA:789,72,0,26
BRDA:796,73,0,4843
BRDA:797,74,0,0
BRDA:798,75,0,0
BRDA:799,76,0,0
BRDA:800,77,0,0
BRDA:801,78,0,0
BRDA:802,79,0,0
BRDA:803,80,0,0
BRDA:804,81,0,0
BRDA:805,82,0,0
BRDA:806,83,0,0
BRDA:806,84,0,0
BRDA:807,85,0,0
BRDA:807,86,0,0
BRDA:808,87,0,0
BRDA:809,88,0,0
BRDA:810,89,0,1
BRDA:810,90,0,4842
BRDA:811,91,0,1
BRDA:811,92,0,4841
BRDA:812,93,0,0
BRDA:812,94,0,4841
BRDA:813,95,0,0
BRDA:813,96,0,4841
BRDA:854,97,0,9667
BRDA:859,98,0,9375
BRDA:859,99,0,292
BRDA:859,100,0,9375
BRDA:878,101,0,4843
BRDA:929,102,0,2
BRDA:929,103,0,4841
BRDA:936,104,0,26
BRDA:936,105,0,4815
BRDA:937,106,0,26
BRDA:937,107,0,4815
BRDA:938,108,0,26
BRDA:938,109,0,4815
BRDA:939,110,0,9667
BRF:111
BRH:86
end_of_record
